{"C:\\Users\\furqa\\CCP_Projects\\fragments\\src\\app.js": {"path":"C:\\Users\\furqa\\CCP_Projects\\fragments\\src\\app.js","statementMap":{"0":{"start":{"line":3,"column":16},"end":{"line":3,"column":34}},"1":{"start":{"line":4,"column":13},"end":{"line":4,"column":28}},"2":{"start":{"line":5,"column":15},"end":{"line":5,"column":32}},"3":{"start":{"line":6,"column":20},"end":{"line":6,"column":42}},"4":{"start":{"line":10,"column":15},"end":{"line":10,"column":34}},"5":{"start":{"line":11,"column":13},"end":{"line":13,"column":2}},"6":{"start":{"line":15,"column":12},"end":{"line":15,"column":21}},"7":{"start":{"line":17,"column":0},"end":{"line":17,"column":14}},"8":{"start":{"line":18,"column":0},"end":{"line":18,"column":18}},"9":{"start":{"line":19,"column":0},"end":{"line":19,"column":16}},"10":{"start":{"line":20,"column":0},"end":{"line":20,"column":23}},"11":{"start":{"line":21,"column":17},"end":{"line":21,"column":36}},"12":{"start":{"line":22,"column":21},"end":{"line":22,"column":38}},"13":{"start":{"line":24,"column":0},"end":{"line":24,"column":38}},"14":{"start":{"line":25,"column":0},"end":{"line":25,"column":31}},"15":{"start":{"line":28,"column":0},"end":{"line":28,"column":34}},"16":{"start":{"line":31,"column":0},"end":{"line":39,"column":3}},"17":{"start":{"line":32,"column":2},"end":{"line":38,"column":5}},"18":{"start":{"line":42,"column":0},"end":{"line":57,"column":3}},"19":{"start":{"line":43,"column":17},"end":{"line":43,"column":34}},"20":{"start":{"line":44,"column":18},"end":{"line":44,"column":60}},"21":{"start":{"line":46,"column":2},"end":{"line":48,"column":3}},"22":{"start":{"line":47,"column":4},"end":{"line":47,"column":54}},"23":{"start":{"line":50,"column":2},"end":{"line":56,"column":5}},"24":{"start":{"line":59,"column":0},"end":{"line":59,"column":21}}},"fnMap":{"0":{"name":"(anonymous_0)","decl":{"start":{"line":31,"column":8},"end":{"line":31,"column":9}},"loc":{"start":{"line":31,"column":22},"end":{"line":39,"column":1}},"line":31},"1":{"name":"(anonymous_1)","decl":{"start":{"line":42,"column":8},"end":{"line":42,"column":9}},"loc":{"start":{"line":42,"column":27},"end":{"line":57,"column":1}},"line":42}},"branchMap":{"0":{"loc":{"start":{"line":43,"column":17},"end":{"line":43,"column":34}},"type":"binary-expr","locations":[{"start":{"line":43,"column":17},"end":{"line":43,"column":27}},{"start":{"line":43,"column":31},"end":{"line":43,"column":34}}],"line":43},"1":{"loc":{"start":{"line":44,"column":18},"end":{"line":44,"column":60}},"type":"binary-expr","locations":[{"start":{"line":44,"column":18},"end":{"line":44,"column":29}},{"start":{"line":44,"column":33},"end":{"line":44,"column":60}}],"line":44},"2":{"loc":{"start":{"line":46,"column":2},"end":{"line":48,"column":3}},"type":"if","locations":[{"start":{"line":46,"column":2},"end":{"line":48,"column":3}},{"start":{},"end":{}}],"line":46}},"s":{"0":5,"1":5,"2":5,"3":5,"4":5,"5":5,"6":5,"7":5,"8":5,"9":5,"10":5,"11":5,"12":5,"13":5,"14":5,"15":5,"16":5,"17":1,"18":5,"19":0,"20":0,"21":0,"22":0,"23":0,"24":5},"f":{"0":1,"1":0},"b":{"0":[0,0],"1":[0,0],"2":[0,0]},"_coverageSchema":"1a1c01bbd47fc00a2c39e90264f33305004495a9","hash":"fd89e496df612fe317fa0e86f51b42e6ee6a435e"}
,"C:\\Users\\furqa\\CCP_Projects\\fragments\\src\\hash.js": {"path":"C:\\Users\\furqa\\CCP_Projects\\fragments\\src\\hash.js","statementMap":{"0":{"start":{"line":16,"column":15},"end":{"line":16,"column":32}},"1":{"start":{"line":22,"column":0},"end":{"line":22,"column":84}},"2":{"start":{"line":22,"column":28},"end":{"line":22,"column":83}}},"fnMap":{"0":{"name":"(anonymous_0)","decl":{"start":{"line":22,"column":17},"end":{"line":22,"column":18}},"loc":{"start":{"line":22,"column":28},"end":{"line":22,"column":83}},"line":22}},"branchMap":{},"s":{"0":6,"1":6,"2":55},"f":{"0":55},"b":{},"_coverageSchema":"1a1c01bbd47fc00a2c39e90264f33305004495a9","hash":"732f2d25c4ff41e71eba79e6c6257fcccf1cc02c"}
,"C:\\Users\\furqa\\CCP_Projects\\fragments\\src\\logger.js": {"path":"C:\\Users\\furqa\\CCP_Projects\\fragments\\src\\logger.js","statementMap":{"0":{"start":{"line":4,"column":16},"end":{"line":4,"column":58}},"1":{"start":{"line":7,"column":0},"end":{"line":15,"column":1}},"2":{"start":{"line":9,"column":2},"end":{"line":14,"column":4}},"3":{"start":{"line":19,"column":0},"end":{"line":19,"column":42}}},"fnMap":{},"branchMap":{"0":{"loc":{"start":{"line":4,"column":25},"end":{"line":4,"column":56}},"type":"binary-expr","locations":[{"start":{"line":4,"column":25},"end":{"line":4,"column":46}},{"start":{"line":4,"column":50},"end":{"line":4,"column":56}}],"line":4},"1":{"loc":{"start":{"line":7,"column":0},"end":{"line":15,"column":1}},"type":"if","locations":[{"start":{"line":7,"column":0},"end":{"line":15,"column":1}},{"start":{},"end":{}}],"line":7}},"s":{"0":6,"1":6,"2":0,"3":6},"f":{},"b":{"0":[6,0],"1":[0,6]},"_coverageSchema":"1a1c01bbd47fc00a2c39e90264f33305004495a9","hash":"1b616d68024139853b180b8b3a306c53a7a07763"}
,"C:\\Users\\furqa\\CCP_Projects\\fragments\\src\\response.js": {"path":"C:\\Users\\furqa\\CCP_Projects\\fragments\\src\\response.js","statementMap":{"0":{"start":{"line":11,"column":0},"end":{"line":18,"column":2}},"1":{"start":{"line":12,"column":2},"end":{"line":17,"column":4}},"2":{"start":{"line":31,"column":0},"end":{"line":39,"column":2}},"3":{"start":{"line":32,"column":2},"end":{"line":38,"column":4}}},"fnMap":{"0":{"name":"(anonymous_0)","decl":{"start":{"line":11,"column":39},"end":{"line":11,"column":40}},"loc":{"start":{"line":11,"column":55},"end":{"line":18,"column":1}},"line":11},"1":{"name":"(anonymous_1)","decl":{"start":{"line":31,"column":37},"end":{"line":31,"column":38}},"loc":{"start":{"line":31,"column":62},"end":{"line":39,"column":1}},"line":31}},"branchMap":{},"s":{"0":6,"1":2,"2":6,"3":9},"f":{"0":2,"1":9},"b":{},"_coverageSchema":"1a1c01bbd47fc00a2c39e90264f33305004495a9","hash":"755454079478e43cd21fbd482edf10abb11382b9"}
,"C:\\Users\\furqa\\CCP_Projects\\fragments\\src\\auth\\auth-middleware.js": {"path":"C:\\Users\\furqa\\CCP_Projects\\fragments\\src\\auth\\auth-middleware.js","statementMap":{"0":{"start":{"line":1,"column":17},"end":{"line":1,"column":36}},"1":{"start":{"line":3,"column":32},"end":{"line":3,"column":54}},"2":{"start":{"line":4,"column":13},"end":{"line":4,"column":31}},"3":{"start":{"line":5,"column":15},"end":{"line":5,"column":35}},"4":{"start":{"line":11,"column":0},"end":{"line":43,"column":2}},"5":{"start":{"line":12,"column":2},"end":{"line":42,"column":4}},"6":{"start":{"line":21,"column":6},"end":{"line":24,"column":7}},"7":{"start":{"line":22,"column":8},"end":{"line":22,"column":58}},"8":{"start":{"line":23,"column":8},"end":{"line":23,"column":77}},"9":{"start":{"line":27,"column":6},"end":{"line":29,"column":7}},"10":{"start":{"line":28,"column":8},"end":{"line":28,"column":78}},"11":{"start":{"line":32,"column":6},"end":{"line":32,"column":29}},"12":{"start":{"line":33,"column":6},"end":{"line":33,"column":68}},"13":{"start":{"line":36,"column":6},"end":{"line":36,"column":13}},"14":{"start":{"line":41,"column":4},"end":{"line":41,"column":86}}},"fnMap":{"0":{"name":"(anonymous_0)","decl":{"start":{"line":11,"column":17},"end":{"line":11,"column":18}},"loc":{"start":{"line":11,"column":35},"end":{"line":43,"column":1}},"line":11},"1":{"name":"(anonymous_1)","decl":{"start":{"line":12,"column":9},"end":{"line":12,"column":10}},"loc":{"start":{"line":12,"column":35},"end":{"line":42,"column":3}},"line":12},"2":{"name":"callback","decl":{"start":{"line":19,"column":13},"end":{"line":19,"column":21}},"loc":{"start":{"line":19,"column":34},"end":{"line":37,"column":5}},"line":19}},"branchMap":{"0":{"loc":{"start":{"line":21,"column":6},"end":{"line":24,"column":7}},"type":"if","locations":[{"start":{"line":21,"column":6},"end":{"line":24,"column":7}},{"start":{},"end":{}}],"line":21},"1":{"loc":{"start":{"line":27,"column":6},"end":{"line":29,"column":7}},"type":"if","locations":[{"start":{"line":27,"column":6},"end":{"line":29,"column":7}},{"start":{},"end":{}}],"line":27}},"s":{"0":5,"1":5,"2":5,"3":5,"4":5,"5":5,"6":59,"7":0,"8":0,"9":59,"10":8,"11":51,"12":51,"13":51,"14":59},"f":{"0":5,"1":59,"2":59},"b":{"0":[0,59],"1":[8,51]},"_coverageSchema":"1a1c01bbd47fc00a2c39e90264f33305004495a9","hash":"5a770477349eaf7049d8475c6a3369dd17cb86ae"}
,"C:\\Users\\furqa\\CCP_Projects\\fragments\\src\\auth\\basic-auth.js": {"path":"C:\\Users\\furqa\\CCP_Projects\\fragments\\src\\auth\\basic-auth.js","statementMap":{"0":{"start":{"line":6,"column":13},"end":{"line":6,"column":33}},"1":{"start":{"line":8,"column":21},"end":{"line":8,"column":50}},"2":{"start":{"line":9,"column":15},"end":{"line":9,"column":35}},"3":{"start":{"line":11,"column":18},"end":{"line":11,"column":46}},"4":{"start":{"line":14,"column":0},"end":{"line":16,"column":1}},"5":{"start":{"line":15,"column":2},"end":{"line":15,"column":61}},"6":{"start":{"line":19,"column":0},"end":{"line":19,"column":46}},"7":{"start":{"line":27,"column":0},"end":{"line":34,"column":4}},"8":{"start":{"line":30,"column":2},"end":{"line":34,"column":3}},"9":{"start":{"line":38,"column":0},"end":{"line":38,"column":54}},"10":{"start":{"line":38,"column":36},"end":{"line":38,"column":53}}},"fnMap":{"0":{"name":"(anonymous_0)","decl":{"start":{"line":27,"column":26},"end":{"line":27,"column":27}},"loc":{"start":{"line":30,"column":2},"end":{"line":34,"column":3}},"line":30},"1":{"name":"(anonymous_1)","decl":{"start":{"line":38,"column":30},"end":{"line":38,"column":31}},"loc":{"start":{"line":38,"column":36},"end":{"line":38,"column":53}},"line":38}},"branchMap":{"0":{"loc":{"start":{"line":14,"column":0},"end":{"line":16,"column":1}},"type":"if","locations":[{"start":{"line":14,"column":0},"end":{"line":16,"column":1}},{"start":{},"end":{}}],"line":14}},"s":{"0":5,"1":5,"2":5,"3":5,"4":5,"5":0,"6":5,"7":5,"8":5,"9":5,"10":5},"f":{"0":5,"1":5},"b":{"0":[0,5]},"_coverageSchema":"1a1c01bbd47fc00a2c39e90264f33305004495a9","hash":"703e3f6d1d24651f7251f33e193fe51b1d8b456c"}
,"C:\\Users\\furqa\\CCP_Projects\\fragments\\src\\auth\\index.js": {"path":"C:\\Users\\furqa\\CCP_Projects\\fragments\\src\\auth\\index.js","statementMap":{"0":{"start":{"line":7,"column":0},"end":{"line":15,"column":1}},"1":{"start":{"line":12,"column":2},"end":{"line":14,"column":4}},"2":{"start":{"line":18,"column":0},"end":{"line":28,"column":1}},"3":{"start":{"line":19,"column":2},"end":{"line":19,"column":40}},"4":{"start":{"line":22,"column":5},"end":{"line":28,"column":1}},"5":{"start":{"line":23,"column":2},"end":{"line":23,"column":43}},"6":{"start":{"line":27,"column":2},"end":{"line":27,"column":76}}},"fnMap":{},"branchMap":{"0":{"loc":{"start":{"line":7,"column":0},"end":{"line":15,"column":1}},"type":"if","locations":[{"start":{"line":7,"column":0},"end":{"line":15,"column":1}},{"start":{},"end":{}}],"line":7},"1":{"loc":{"start":{"line":8,"column":2},"end":{"line":10,"column":27}},"type":"binary-expr","locations":[{"start":{"line":8,"column":2},"end":{"line":8,"column":33}},{"start":{"line":9,"column":2},"end":{"line":9,"column":35}},{"start":{"line":10,"column":2},"end":{"line":10,"column":27}}],"line":8},"2":{"loc":{"start":{"line":18,"column":0},"end":{"line":28,"column":1}},"type":"if","locations":[{"start":{"line":18,"column":0},"end":{"line":28,"column":1}},{"start":{"line":22,"column":5},"end":{"line":28,"column":1}}],"line":18},"3":{"loc":{"start":{"line":18,"column":4},"end":{"line":18,"column":72}},"type":"binary-expr","locations":[{"start":{"line":18,"column":4},"end":{"line":18,"column":35}},{"start":{"line":18,"column":39},"end":{"line":18,"column":72}}],"line":18},"4":{"loc":{"start":{"line":22,"column":5},"end":{"line":28,"column":1}},"type":"if","locations":[{"start":{"line":22,"column":5},"end":{"line":28,"column":1}},{"start":{"line":26,"column":5},"end":{"line":28,"column":1}}],"line":22},"5":{"loc":{"start":{"line":22,"column":9},"end":{"line":22,"column":71}},"type":"binary-expr","locations":[{"start":{"line":22,"column":9},"end":{"line":22,"column":34}},{"start":{"line":22,"column":38},"end":{"line":22,"column":71}}],"line":22}},"s":{"0":5,"1":0,"2":5,"3":0,"4":5,"5":5,"6":0},"f":{},"b":{"0":[0,5],"1":[5,0,0],"2":[0,5],"3":[5,0],"4":[5,0],"5":[5,5]},"_coverageSchema":"1a1c01bbd47fc00a2c39e90264f33305004495a9","hash":"7e855fc584d94b4e0592e1510828a3158bc7d46c"}
,"C:\\Users\\furqa\\CCP_Projects\\fragments\\src\\model\\fragment.js": {"path":"C:\\Users\\furqa\\CCP_Projects\\fragments\\src\\model\\fragment.js","statementMap":{"0":{"start":{"line":1,"column":23},"end":{"line":1,"column":40}},"1":{"start":{"line":2,"column":20},"end":{"line":2,"column":43}},"2":{"start":{"line":3,"column":15},"end":{"line":3,"column":35}},"3":{"start":{"line":12,"column":4},"end":{"line":12,"column":21}},"4":{"start":{"line":16,"column":4},"end":{"line":18,"column":5}},"5":{"start":{"line":17,"column":6},"end":{"line":17,"column":45}},"6":{"start":{"line":20,"column":4},"end":{"line":22,"column":5}},"7":{"start":{"line":21,"column":6},"end":{"line":21,"column":60}},"8":{"start":{"line":24,"column":4},"end":{"line":26,"column":5}},"9":{"start":{"line":25,"column":6},"end":{"line":25,"column":60}},"10":{"start":{"line":28,"column":4},"end":{"line":28,"column":33}},"11":{"start":{"line":29,"column":4},"end":{"line":29,"column":27}},"12":{"start":{"line":30,"column":4},"end":{"line":30,"column":55}},"13":{"start":{"line":31,"column":4},"end":{"line":31,"column":55}},"14":{"start":{"line":32,"column":4},"end":{"line":32,"column":21}},"15":{"start":{"line":33,"column":4},"end":{"line":33,"column":21}},"16":{"start":{"line":35,"column":4},"end":{"line":35,"column":95}},"17":{"start":{"line":39,"column":4},"end":{"line":39,"column":59}},"18":{"start":{"line":40,"column":20},"end":{"line":40,"column":56}},"19":{"start":{"line":42,"column":4},"end":{"line":45,"column":5}},"20":{"start":{"line":43,"column":6},"end":{"line":43,"column":72}},"21":{"start":{"line":44,"column":6},"end":{"line":44,"column":21}},"22":{"start":{"line":47,"column":22},"end":{"line":47,"column":63}},"23":{"start":{"line":47,"column":44},"end":{"line":47,"column":62}},"24":{"start":{"line":48,"column":4},"end":{"line":48,"column":87}},"25":{"start":{"line":49,"column":4},"end":{"line":49,"column":21}},"26":{"start":{"line":53,"column":4},"end":{"line":53,"column":53}},"27":{"start":{"line":54,"column":17},"end":{"line":54,"column":48}},"28":{"start":{"line":55,"column":4},"end":{"line":57,"column":5}},"29":{"start":{"line":56,"column":6},"end":{"line":56,"column":44}},"30":{"start":{"line":59,"column":4},"end":{"line":59,"column":30}},"31":{"start":{"line":63,"column":4},"end":{"line":63,"column":55}},"32":{"start":{"line":64,"column":4},"end":{"line":64,"column":38}},"33":{"start":{"line":65,"column":4},"end":{"line":65,"column":53}},"34":{"start":{"line":69,"column":4},"end":{"line":69,"column":44}},"35":{"start":{"line":70,"column":4},"end":{"line":70,"column":30}},"36":{"start":{"line":71,"column":4},"end":{"line":71,"column":60}},"37":{"start":{"line":72,"column":4},"end":{"line":72,"column":52}},"38":{"start":{"line":76,"column":4},"end":{"line":76,"column":55}},"39":{"start":{"line":77,"column":17},"end":{"line":77,"column":62}},"40":{"start":{"line":78,"column":4},"end":{"line":78,"column":90}},"41":{"start":{"line":79,"column":4},"end":{"line":79,"column":16}},"42":{"start":{"line":83,"column":4},"end":{"line":85,"column":5}},"43":{"start":{"line":84,"column":6},"end":{"line":84,"column":47}},"44":{"start":{"line":87,"column":4},"end":{"line":87,"column":28}},"45":{"start":{"line":88,"column":4},"end":{"line":88,"column":44}},"46":{"start":{"line":89,"column":4},"end":{"line":89,"column":57}},"47":{"start":{"line":90,"column":4},"end":{"line":90,"column":30}},"48":{"start":{"line":91,"column":4},"end":{"line":91,"column":56}},"49":{"start":{"line":92,"column":4},"end":{"line":92,"column":76}},"50":{"start":{"line":96,"column":21},"end":{"line":96,"column":49}},"51":{"start":{"line":97,"column":4},"end":{"line":97,"column":16}},"52":{"start":{"line":101,"column":4},"end":{"line":101,"column":45}},"53":{"start":{"line":105,"column":4},"end":{"line":116,"column":5}},"54":{"start":{"line":107,"column":8},"end":{"line":107,"column":30}},"55":{"start":{"line":109,"column":8},"end":{"line":109,"column":46}},"56":{"start":{"line":111,"column":8},"end":{"line":111,"column":43}},"57":{"start":{"line":113,"column":8},"end":{"line":113,"column":50}},"58":{"start":{"line":115,"column":8},"end":{"line":115,"column":31}},"59":{"start":{"line":120,"column":4},"end":{"line":130,"column":5}},"60":{"start":{"line":121,"column":23},"end":{"line":121,"column":47}},"61":{"start":{"line":122,"column":6},"end":{"line":127,"column":8}},"62":{"start":{"line":129,"column":6},"end":{"line":129,"column":19}},"63":{"start":{"line":134,"column":17},"end":{"line":134,"column":37}},"64":{"start":{"line":135,"column":24},"end":{"line":135,"column":37}},"65":{"start":{"line":137,"column":4},"end":{"line":139,"column":5}},"66":{"start":{"line":138,"column":6},"end":{"line":138,"column":18}},"67":{"start":{"line":141,"column":4},"end":{"line":143,"column":5}},"68":{"start":{"line":142,"column":6},"end":{"line":142,"column":48}},"69":{"start":{"line":145,"column":16},"end":{"line":145,"column":31}},"70":{"start":{"line":148,"column":4},"end":{"line":152,"column":5}},"71":{"start":{"line":149,"column":25},"end":{"line":149,"column":42}},"72":{"start":{"line":150,"column":19},"end":{"line":150,"column":36}},"73":{"start":{"line":151,"column":6},"end":{"line":151,"column":31}},"74":{"start":{"line":155,"column":4},"end":{"line":157,"column":5}},"75":{"start":{"line":156,"column":6},"end":{"line":156,"column":30}},"76":{"start":{"line":160,"column":4},"end":{"line":160,"column":16}},"77":{"start":{"line":164,"column":0},"end":{"line":164,"column":35}}},"fnMap":{"0":{"name":"(anonymous_0)","decl":{"start":{"line":15,"column":2},"end":{"line":15,"column":3}},"loc":{"start":{"line":15,"column":65},"end":{"line":36,"column":3}},"line":15},"1":{"name":"(anonymous_1)","decl":{"start":{"line":38,"column":2},"end":{"line":38,"column":3}},"loc":{"start":{"line":38,"column":47},"end":{"line":50,"column":3}},"line":38},"2":{"name":"(anonymous_2)","decl":{"start":{"line":47,"column":34},"end":{"line":47,"column":35}},"loc":{"start":{"line":47,"column":44},"end":{"line":47,"column":62}},"line":47},"3":{"name":"(anonymous_3)","decl":{"start":{"line":52,"column":2},"end":{"line":52,"column":3}},"loc":{"start":{"line":52,"column":33},"end":{"line":60,"column":3}},"line":52},"4":{"name":"(anonymous_4)","decl":{"start":{"line":62,"column":2},"end":{"line":62,"column":3}},"loc":{"start":{"line":62,"column":35},"end":{"line":66,"column":3}},"line":62},"5":{"name":"(anonymous_5)","decl":{"start":{"line":68,"column":2},"end":{"line":68,"column":3}},"loc":{"start":{"line":68,"column":15},"end":{"line":73,"column":3}},"line":68},"6":{"name":"(anonymous_6)","decl":{"start":{"line":75,"column":2},"end":{"line":75,"column":3}},"loc":{"start":{"line":75,"column":18},"end":{"line":80,"column":3}},"line":75},"7":{"name":"(anonymous_7)","decl":{"start":{"line":82,"column":2},"end":{"line":82,"column":3}},"loc":{"start":{"line":82,"column":22},"end":{"line":93,"column":3}},"line":82},"8":{"name":"(anonymous_8)","decl":{"start":{"line":95,"column":2},"end":{"line":95,"column":3}},"loc":{"start":{"line":95,"column":17},"end":{"line":98,"column":3}},"line":95},"9":{"name":"(anonymous_9)","decl":{"start":{"line":100,"column":2},"end":{"line":100,"column":3}},"loc":{"start":{"line":100,"column":15},"end":{"line":102,"column":3}},"line":100},"10":{"name":"(anonymous_10)","decl":{"start":{"line":104,"column":2},"end":{"line":104,"column":3}},"loc":{"start":{"line":104,"column":16},"end":{"line":117,"column":3}},"line":104},"11":{"name":"(anonymous_11)","decl":{"start":{"line":119,"column":2},"end":{"line":119,"column":3}},"loc":{"start":{"line":119,"column":32},"end":{"line":131,"column":3}},"line":119},"12":{"name":"(anonymous_12)","decl":{"start":{"line":133,"column":2},"end":{"line":133,"column":3}},"loc":{"start":{"line":133,"column":37},"end":{"line":161,"column":3}},"line":133}},"branchMap":{"0":{"loc":{"start":{"line":15,"column":53},"end":{"line":15,"column":61}},"type":"default-arg","locations":[{"start":{"line":15,"column":60},"end":{"line":15,"column":61}}],"line":15},"1":{"loc":{"start":{"line":16,"column":4},"end":{"line":18,"column":5}},"type":"if","locations":[{"start":{"line":16,"column":4},"end":{"line":18,"column":5}},{"start":{},"end":{}}],"line":16},"2":{"loc":{"start":{"line":20,"column":4},"end":{"line":22,"column":5}},"type":"if","locations":[{"start":{"line":20,"column":4},"end":{"line":22,"column":5}},{"start":{},"end":{}}],"line":20},"3":{"loc":{"start":{"line":20,"column":8},"end":{"line":20,"column":48}},"type":"binary-expr","locations":[{"start":{"line":20,"column":8},"end":{"line":20,"column":13}},{"start":{"line":20,"column":17},"end":{"line":20,"column":48}}],"line":20},"4":{"loc":{"start":{"line":24,"column":4},"end":{"line":26,"column":5}},"type":"if","locations":[{"start":{"line":24,"column":4},"end":{"line":26,"column":5}},{"start":{},"end":{}}],"line":24},"5":{"loc":{"start":{"line":24,"column":8},"end":{"line":24,"column":44}},"type":"binary-expr","locations":[{"start":{"line":24,"column":8},"end":{"line":24,"column":32}},{"start":{"line":24,"column":36},"end":{"line":24,"column":44}}],"line":24},"6":{"loc":{"start":{"line":28,"column":14},"end":{"line":28,"column":32}},"type":"binary-expr","locations":[{"start":{"line":28,"column":14},"end":{"line":28,"column":16}},{"start":{"line":28,"column":20},"end":{"line":28,"column":32}}],"line":28},"7":{"loc":{"start":{"line":30,"column":19},"end":{"line":30,"column":54}},"type":"binary-expr","locations":[{"start":{"line":30,"column":19},"end":{"line":30,"column":26}},{"start":{"line":30,"column":30},"end":{"line":30,"column":54}}],"line":30},"8":{"loc":{"start":{"line":31,"column":19},"end":{"line":31,"column":54}},"type":"binary-expr","locations":[{"start":{"line":31,"column":19},"end":{"line":31,"column":26}},{"start":{"line":31,"column":30},"end":{"line":31,"column":54}}],"line":31},"9":{"loc":{"start":{"line":38,"column":31},"end":{"line":38,"column":45}},"type":"default-arg","locations":[{"start":{"line":38,"column":40},"end":{"line":38,"column":45}}],"line":38},"10":{"loc":{"start":{"line":42,"column":4},"end":{"line":45,"column":5}},"type":"if","locations":[{"start":{"line":42,"column":4},"end":{"line":45,"column":5}},{"start":{},"end":{}}],"line":42},"11":{"loc":{"start":{"line":55,"column":4},"end":{"line":57,"column":5}},"type":"if","locations":[{"start":{"line":55,"column":4},"end":{"line":57,"column":5}},{"start":{},"end":{}}],"line":55},"12":{"loc":{"start":{"line":78,"column":37},"end":{"line":78,"column":59}},"type":"cond-expr","locations":[{"start":{"line":78,"column":44},"end":{"line":78,"column":55}},{"start":{"line":78,"column":58},"end":{"line":78,"column":59}}],"line":78},"13":{"loc":{"start":{"line":83,"column":4},"end":{"line":85,"column":5}},"type":"if","locations":[{"start":{"line":83,"column":4},"end":{"line":85,"column":5}},{"start":{},"end":{}}],"line":83},"14":{"loc":{"start":{"line":105,"column":4},"end":{"line":116,"column":5}},"type":"switch","locations":[{"start":{"line":106,"column":6},"end":{"line":107,"column":30}},{"start":{"line":108,"column":6},"end":{"line":109,"column":46}},{"start":{"line":110,"column":6},"end":{"line":111,"column":43}},{"start":{"line":112,"column":6},"end":{"line":113,"column":50}},{"start":{"line":114,"column":6},"end":{"line":115,"column":31}}],"line":105},"15":{"loc":{"start":{"line":123,"column":8},"end":{"line":126,"column":35}},"type":"binary-expr","locations":[{"start":{"line":123,"column":8},"end":{"line":123,"column":29}},{"start":{"line":124,"column":8},"end":{"line":124,"column":32}},{"start":{"line":125,"column":8},"end":{"line":125,"column":28}},{"start":{"line":126,"column":8},"end":{"line":126,"column":35}}],"line":123},"16":{"loc":{"start":{"line":137,"column":4},"end":{"line":139,"column":5}},"type":"if","locations":[{"start":{"line":137,"column":4},"end":{"line":139,"column":5}},{"start":{},"end":{}}],"line":137},"17":{"loc":{"start":{"line":137,"column":8},"end":{"line":137,"column":77}},"type":"binary-expr","locations":[{"start":{"line":137,"column":8},"end":{"line":137,"column":19}},{"start":{"line":137,"column":23},"end":{"line":137,"column":47}},{"start":{"line":137,"column":51},"end":{"line":137,"column":77}}],"line":137},"18":{"loc":{"start":{"line":141,"column":4},"end":{"line":143,"column":5}},"type":"if","locations":[{"start":{"line":141,"column":4},"end":{"line":143,"column":5}},{"start":{},"end":{}}],"line":141},"19":{"loc":{"start":{"line":148,"column":4},"end":{"line":152,"column":5}},"type":"if","locations":[{"start":{"line":148,"column":4},"end":{"line":152,"column":5}},{"start":{},"end":{}}],"line":148},"20":{"loc":{"start":{"line":148,"column":8},"end":{"line":148,"column":69}},"type":"binary-expr","locations":[{"start":{"line":148,"column":8},"end":{"line":148,"column":39}},{"start":{"line":148,"column":43},"end":{"line":148,"column":69}}],"line":148},"21":{"loc":{"start":{"line":155,"column":4},"end":{"line":157,"column":5}},"type":"if","locations":[{"start":{"line":155,"column":4},"end":{"line":157,"column":5}},{"start":{},"end":{}}],"line":155}},"s":{"0":6,"1":6,"2":6,"3":6,"4":81,"5":2,"6":79,"7":2,"8":77,"9":2,"10":75,"11":75,"12":75,"13":75,"14":75,"15":75,"16":75,"17":7,"18":7,"19":7,"20":5,"21":5,"22":2,"23":3,"24":2,"25":2,"26":23,"27":23,"28":23,"29":10,"30":13,"31":1,"32":1,"33":1,"34":17,"35":17,"36":17,"37":17,"38":17,"39":17,"40":17,"41":17,"42":38,"43":1,"44":37,"45":37,"46":37,"47":37,"48":37,"49":37,"50":33,"51":33,"52":1,"53":19,"54":4,"55":8,"56":3,"57":4,"58":0,"59":134,"60":134,"61":133,"62":1,"63":11,"64":11,"65":11,"66":1,"67":10,"68":3,"69":7,"70":7,"71":5,"72":5,"73":5,"74":2,"75":2,"76":0,"77":6},"f":{"0":81,"1":7,"2":3,"3":23,"4":1,"5":17,"6":17,"7":38,"8":33,"9":1,"10":19,"11":134,"12":11},"b":{"0":[22],"1":[2,79],"2":[2,77],"3":[79,78],"4":[2,75],"5":[77,76],"6":[75,58],"7":[75,59],"8":[75,59],"9":[2],"10":[5,2],"11":[10,13],"12":[17,0],"13":[1,37],"14":[4,8,3,4,0],"15":[133,47,27,22],"16":[1,10],"17":[11,11,10],"18":[3,7],"19":[5,2],"20":[7,5],"21":[2,0]},"_coverageSchema":"1a1c01bbd47fc00a2c39e90264f33305004495a9","hash":"35841a46240a80c8fc2de2de5e6608fa062b175a"}
,"C:\\Users\\furqa\\CCP_Projects\\fragments\\src\\model\\data\\index.js": {"path":"C:\\Users\\furqa\\CCP_Projects\\fragments\\src\\model\\data\\index.js","statementMap":{"0":{"start":{"line":1,"column":17},"end":{"line":1,"column":46}},"1":{"start":{"line":4,"column":13},"end":{"line":4,"column":27}},"2":{"start":{"line":5,"column":17},"end":{"line":5,"column":31}},"3":{"start":{"line":11,"column":21},"end":{"line":11,"column":45}},"4":{"start":{"line":12,"column":2},"end":{"line":12,"column":65}},"5":{"start":{"line":20,"column":21},"end":{"line":20,"column":52}},"6":{"start":{"line":21,"column":2},"end":{"line":21,"column":78}},"7":{"start":{"line":26,"column":2},"end":{"line":26,"column":39}},"8":{"start":{"line":31,"column":2},"end":{"line":31,"column":31}},"9":{"start":{"line":36,"column":20},"end":{"line":36,"column":49}},"10":{"start":{"line":37,"column":26},"end":{"line":37,"column":75}},"11":{"start":{"line":37,"column":54},"end":{"line":37,"column":74}},"12":{"start":{"line":40,"column":2},"end":{"line":42,"column":3}},"13":{"start":{"line":41,"column":4},"end":{"line":41,"column":27}},"14":{"start":{"line":45,"column":2},"end":{"line":45,"column":56}},"15":{"start":{"line":45,"column":43},"end":{"line":45,"column":54}},"16":{"start":{"line":50,"column":2},"end":{"line":55,"column":5}},"17":{"start":{"line":58,"column":0},"end":{"line":58,"column":45}},"18":{"start":{"line":59,"column":0},"end":{"line":59,"column":45}},"19":{"start":{"line":60,"column":0},"end":{"line":60,"column":43}},"20":{"start":{"line":61,"column":0},"end":{"line":61,"column":53}},"21":{"start":{"line":62,"column":0},"end":{"line":62,"column":51}},"22":{"start":{"line":63,"column":0},"end":{"line":63,"column":47}}},"fnMap":{"0":{"name":"writeFragment","decl":{"start":{"line":8,"column":9},"end":{"line":8,"column":22}},"loc":{"start":{"line":8,"column":33},"end":{"line":13,"column":1}},"line":8},"1":{"name":"readFragment","decl":{"start":{"line":16,"column":15},"end":{"line":16,"column":27}},"loc":{"start":{"line":16,"column":41},"end":{"line":22,"column":1}},"line":16},"2":{"name":"writeFragmentData","decl":{"start":{"line":25,"column":9},"end":{"line":25,"column":26}},"loc":{"start":{"line":25,"column":48},"end":{"line":27,"column":1}},"line":25},"3":{"name":"readFragmentData","decl":{"start":{"line":30,"column":9},"end":{"line":30,"column":25}},"loc":{"start":{"line":30,"column":39},"end":{"line":32,"column":1}},"line":30},"4":{"name":"listFragments","decl":{"start":{"line":35,"column":15},"end":{"line":35,"column":28}},"loc":{"start":{"line":35,"column":54},"end":{"line":46,"column":1}},"line":35},"5":{"name":"(anonymous_5)","decl":{"start":{"line":37,"column":40},"end":{"line":37,"column":41}},"loc":{"start":{"line":37,"column":54},"end":{"line":37,"column":74}},"line":37},"6":{"name":"(anonymous_6)","decl":{"start":{"line":45,"column":29},"end":{"line":45,"column":30}},"loc":{"start":{"line":45,"column":43},"end":{"line":45,"column":54}},"line":45},"7":{"name":"deleteFragment","decl":{"start":{"line":49,"column":9},"end":{"line":49,"column":23}},"loc":{"start":{"line":49,"column":37},"end":{"line":56,"column":1}},"line":49}},"branchMap":{"0":{"loc":{"start":{"line":21,"column":9},"end":{"line":21,"column":77}},"type":"cond-expr","locations":[{"start":{"line":21,"column":42},"end":{"line":21,"column":64}},{"start":{"line":21,"column":67},"end":{"line":21,"column":77}}],"line":21},"1":{"loc":{"start":{"line":35,"column":38},"end":{"line":35,"column":52}},"type":"default-arg","locations":[{"start":{"line":35,"column":47},"end":{"line":35,"column":52}}],"line":35},"2":{"loc":{"start":{"line":40,"column":2},"end":{"line":42,"column":3}},"type":"if","locations":[{"start":{"line":40,"column":2},"end":{"line":42,"column":3}},{"start":{},"end":{}}],"line":40},"3":{"loc":{"start":{"line":40,"column":6},"end":{"line":40,"column":26}},"type":"binary-expr","locations":[{"start":{"line":40,"column":6},"end":{"line":40,"column":12}},{"start":{"line":40,"column":16},"end":{"line":40,"column":26}}],"line":40}},"s":{"0":6,"1":6,"2":6,"3":54,"4":54,"5":23,"6":23,"7":37,"8":17,"9":7,"10":7,"11":13,"12":7,"13":2,"14":5,"15":10,"16":1,"17":6,"18":6,"19":6,"20":6,"21":6,"22":6},"f":{"0":54,"1":23,"2":37,"3":17,"4":7,"5":13,"6":10,"7":1},"b":{"0":[13,10],"1":[0],"2":[2,5],"3":[7,5]},"_coverageSchema":"1a1c01bbd47fc00a2c39e90264f33305004495a9","hash":"c4ed755009cb1cad6e290255cac758d1d91bf616"}
,"C:\\Users\\furqa\\CCP_Projects\\fragments\\src\\model\\data\\memory\\memory-db.js": {"path":"C:\\Users\\furqa\\CCP_Projects\\fragments\\src\\model\\data\\memory\\memory-db.js","statementMap":{"0":{"start":{"line":1,"column":20},"end":{"line":1,"column":52}},"1":{"start":{"line":1,"column":29},"end":{"line":1,"column":52}},"2":{"start":{"line":6,"column":4},"end":{"line":6,"column":17}},"3":{"start":{"line":16,"column":4},"end":{"line":20,"column":5}},"4":{"start":{"line":17,"column":6},"end":{"line":19,"column":8}},"5":{"start":{"line":22,"column":15},"end":{"line":22,"column":22}},"6":{"start":{"line":23,"column":18},"end":{"line":23,"column":64}},"7":{"start":{"line":24,"column":4},"end":{"line":24,"column":34}},"8":{"start":{"line":34,"column":4},"end":{"line":38,"column":5}},"9":{"start":{"line":35,"column":6},"end":{"line":37,"column":8}},"10":{"start":{"line":40,"column":15},"end":{"line":40,"column":22}},"11":{"start":{"line":42,"column":4},"end":{"line":42,"column":42}},"12":{"start":{"line":44,"column":4},"end":{"line":44,"column":41}},"13":{"start":{"line":45,"column":4},"end":{"line":45,"column":29}},"14":{"start":{"line":55,"column":4},"end":{"line":57,"column":5}},"15":{"start":{"line":56,"column":6},"end":{"line":56,"column":85}},"16":{"start":{"line":60,"column":15},"end":{"line":60,"column":22}},"17":{"start":{"line":61,"column":19},"end":{"line":61,"column":70}},"18":{"start":{"line":62,"column":4},"end":{"line":62,"column":35}},"19":{"start":{"line":72,"column":4},"end":{"line":76,"column":5}},"20":{"start":{"line":73,"column":6},"end":{"line":75,"column":8}},"21":{"start":{"line":79,"column":4},"end":{"line":83,"column":5}},"22":{"start":{"line":80,"column":6},"end":{"line":82,"column":8}},"23":{"start":{"line":85,"column":15},"end":{"line":85,"column":22}},"24":{"start":{"line":86,"column":4},"end":{"line":86,"column":40}},"25":{"start":{"line":87,"column":4},"end":{"line":87,"column":29}},"26":{"start":{"line":91,"column":0},"end":{"line":91,"column":26}}},"fnMap":{"0":{"name":"(anonymous_0)","decl":{"start":{"line":1,"column":20},"end":{"line":1,"column":21}},"loc":{"start":{"line":1,"column":29},"end":{"line":1,"column":52}},"line":1},"1":{"name":"(anonymous_1)","decl":{"start":{"line":4,"column":2},"end":{"line":4,"column":3}},"loc":{"start":{"line":4,"column":16},"end":{"line":7,"column":3}},"line":4},"2":{"name":"(anonymous_2)","decl":{"start":{"line":15,"column":2},"end":{"line":15,"column":3}},"loc":{"start":{"line":15,"column":32},"end":{"line":25,"column":3}},"line":15},"3":{"name":"(anonymous_3)","decl":{"start":{"line":33,"column":2},"end":{"line":33,"column":3}},"loc":{"start":{"line":33,"column":39},"end":{"line":46,"column":3}},"line":33},"4":{"name":"(anonymous_4)","decl":{"start":{"line":54,"column":2},"end":{"line":54,"column":3}},"loc":{"start":{"line":54,"column":20},"end":{"line":63,"column":3}},"line":54},"5":{"name":"(anonymous_5)","decl":{"start":{"line":71,"column":2},"end":{"line":71,"column":3}},"loc":{"start":{"line":71,"column":38},"end":{"line":88,"column":3}},"line":71}},"branchMap":{"0":{"loc":{"start":{"line":16,"column":4},"end":{"line":20,"column":5}},"type":"if","locations":[{"start":{"line":16,"column":4},"end":{"line":20,"column":5}},{"start":{},"end":{}}],"line":16},"1":{"loc":{"start":{"line":16,"column":10},"end":{"line":16,"column":62}},"type":"binary-expr","locations":[{"start":{"line":16,"column":10},"end":{"line":16,"column":33}},{"start":{"line":16,"column":37},"end":{"line":16,"column":62}}],"line":16},"2":{"loc":{"start":{"line":23,"column":18},"end":{"line":23,"column":64}},"type":"binary-expr","locations":[{"start":{"line":23,"column":18},"end":{"line":23,"column":32}},{"start":{"line":23,"column":36},"end":{"line":23,"column":64}}],"line":23},"3":{"loc":{"start":{"line":34,"column":4},"end":{"line":38,"column":5}},"type":"if","locations":[{"start":{"line":34,"column":4},"end":{"line":38,"column":5}},{"start":{},"end":{}}],"line":34},"4":{"loc":{"start":{"line":34,"column":10},"end":{"line":34,"column":62}},"type":"binary-expr","locations":[{"start":{"line":34,"column":10},"end":{"line":34,"column":33}},{"start":{"line":34,"column":37},"end":{"line":34,"column":62}}],"line":34},"5":{"loc":{"start":{"line":42,"column":21},"end":{"line":42,"column":41}},"type":"binary-expr","locations":[{"start":{"line":42,"column":21},"end":{"line":42,"column":35}},{"start":{"line":42,"column":39},"end":{"line":42,"column":41}}],"line":42},"6":{"loc":{"start":{"line":55,"column":4},"end":{"line":57,"column":5}},"type":"if","locations":[{"start":{"line":55,"column":4},"end":{"line":57,"column":5}},{"start":{},"end":{}}],"line":55},"7":{"loc":{"start":{"line":61,"column":19},"end":{"line":61,"column":70}},"type":"cond-expr","locations":[{"start":{"line":61,"column":36},"end":{"line":61,"column":65}},{"start":{"line":61,"column":68},"end":{"line":61,"column":70}}],"line":61},"8":{"loc":{"start":{"line":72,"column":4},"end":{"line":76,"column":5}},"type":"if","locations":[{"start":{"line":72,"column":4},"end":{"line":76,"column":5}},{"start":{},"end":{}}],"line":72},"9":{"loc":{"start":{"line":72,"column":10},"end":{"line":72,"column":62}},"type":"binary-expr","locations":[{"start":{"line":72,"column":10},"end":{"line":72,"column":33}},{"start":{"line":72,"column":37},"end":{"line":72,"column":62}}],"line":72},"10":{"loc":{"start":{"line":79,"column":4},"end":{"line":83,"column":5}},"type":"if","locations":[{"start":{"line":79,"column":4},"end":{"line":83,"column":5}},{"start":{},"end":{}}],"line":79}},"s":{"0":7,"1":330,"2":24,"3":52,"4":3,"5":49,"6":49,"7":49,"8":105,"9":3,"10":102,"11":102,"12":102,"13":102,"14":11,"15":2,"16":9,"17":9,"18":9,"19":7,"20":3,"21":4,"22":1,"23":3,"24":3,"25":3,"26":7},"f":{"0":330,"1":24,"2":52,"3":105,"4":11,"5":7},"b":{"0":[3,49],"1":[52,49],"2":[49,48],"3":[3,102],"4":[105,102],"5":[102,21],"6":[2,9],"7":[6,3],"8":[3,4],"9":[7,4],"10":[1,3]},"_coverageSchema":"1a1c01bbd47fc00a2c39e90264f33305004495a9","hash":"99cbef7a3336c2b45c2b5f0a24a3968e83ee4e29"}
,"C:\\Users\\furqa\\CCP_Projects\\fragments\\src\\routes\\index.js": {"path":"C:\\Users\\furqa\\CCP_Projects\\fragments\\src\\routes\\index.js","statementMap":{"0":{"start":{"line":3,"column":16},"end":{"line":3,"column":34}},"1":{"start":{"line":4,"column":28},"end":{"line":4,"column":57}},"2":{"start":{"line":5,"column":25},"end":{"line":5,"column":43}},"3":{"start":{"line":8,"column":15},"end":{"line":8,"column":31}},"4":{"start":{"line":11,"column":0},"end":{"line":19,"column":3}},"5":{"start":{"line":12,"column":2},"end":{"line":12,"column":45}},"6":{"start":{"line":13,"column":2},"end":{"line":18,"column":5}},"7":{"start":{"line":22,"column":0},"end":{"line":22,"column":52}},"8":{"start":{"line":24,"column":0},"end":{"line":24,"column":24}}},"fnMap":{"0":{"name":"(anonymous_0)","decl":{"start":{"line":11,"column":16},"end":{"line":11,"column":17}},"loc":{"start":{"line":11,"column":30},"end":{"line":19,"column":1}},"line":11}},"branchMap":{},"s":{"0":5,"1":5,"2":5,"3":5,"4":5,"5":4,"6":4,"7":5,"8":5},"f":{"0":4},"b":{},"_coverageSchema":"1a1c01bbd47fc00a2c39e90264f33305004495a9","hash":"134d991f4ecb00a99b4183b0349827a49f258295"}
,"C:\\Users\\furqa\\CCP_Projects\\fragments\\src\\routes\\api\\index.js": {"path":"C:\\Users\\furqa\\CCP_Projects\\fragments\\src\\routes\\api\\index.js","statementMap":{"0":{"start":{"line":6,"column":16},"end":{"line":6,"column":34}},"1":{"start":{"line":7,"column":20},"end":{"line":7,"column":43}},"2":{"start":{"line":8,"column":21},"end":{"line":8,"column":52}},"3":{"start":{"line":9,"column":15},"end":{"line":9,"column":38}},"4":{"start":{"line":12,"column":16},"end":{"line":27,"column":2}},"5":{"start":{"line":13,"column":2},"end":{"line":27,"column":2}},"6":{"start":{"line":17,"column":6},"end":{"line":25,"column":7}},"7":{"start":{"line":18,"column":25},"end":{"line":18,"column":67}},"8":{"start":{"line":19,"column":26},"end":{"line":19,"column":56}},"9":{"start":{"line":20,"column":8},"end":{"line":20,"column":71}},"10":{"start":{"line":21,"column":8},"end":{"line":21,"column":25}},"11":{"start":{"line":23,"column":8},"end":{"line":23,"column":76}},"12":{"start":{"line":24,"column":8},"end":{"line":24,"column":21}},"13":{"start":{"line":30,"column":15},"end":{"line":30,"column":31}},"14":{"start":{"line":33,"column":0},"end":{"line":56,"column":3}},"15":{"start":{"line":34,"column":2},"end":{"line":55,"column":3}},"16":{"start":{"line":35,"column":4},"end":{"line":35,"column":67}},"17":{"start":{"line":37,"column":19},"end":{"line":37,"column":43}},"18":{"start":{"line":38,"column":22},"end":{"line":38,"column":61}},"19":{"start":{"line":40,"column":4},"end":{"line":40,"column":80}},"20":{"start":{"line":42,"column":4},"end":{"line":45,"column":7}},"21":{"start":{"line":47,"column":4},"end":{"line":47,"column":69}},"22":{"start":{"line":48,"column":4},"end":{"line":54,"column":7}},"23":{"start":{"line":59,"column":0},"end":{"line":117,"column":3}},"24":{"start":{"line":60,"column":2},"end":{"line":116,"column":3}},"25":{"start":{"line":61,"column":30},"end":{"line":61,"column":53}},"26":{"start":{"line":63,"column":4},"end":{"line":71,"column":5}},"27":{"start":{"line":64,"column":6},"end":{"line":70,"column":9}},"28":{"start":{"line":73,"column":21},"end":{"line":76,"column":6}},"29":{"start":{"line":78,"column":4},"end":{"line":78,"column":37}},"30":{"start":{"line":82,"column":4},"end":{"line":88,"column":5}},"31":{"start":{"line":83,"column":6},"end":{"line":83,"column":36}},"32":{"start":{"line":86,"column":19},"end":{"line":86,"column":34}},"33":{"start":{"line":87,"column":6},"end":{"line":87,"column":33}},"34":{"start":{"line":90,"column":21},"end":{"line":90,"column":61}},"35":{"start":{"line":91,"column":4},"end":{"line":91,"column":40}},"36":{"start":{"line":93,"column":4},"end":{"line":93,"column":86}},"37":{"start":{"line":95,"column":4},"end":{"line":105,"column":7}},"38":{"start":{"line":108,"column":4},"end":{"line":108,"column":69}},"39":{"start":{"line":109,"column":4},"end":{"line":115,"column":7}},"40":{"start":{"line":120,"column":0},"end":{"line":162,"column":3}},"41":{"start":{"line":121,"column":2},"end":{"line":161,"column":3}},"42":{"start":{"line":122,"column":19},"end":{"line":122,"column":29}},"43":{"start":{"line":123,"column":4},"end":{"line":123,"column":66}},"44":{"start":{"line":125,"column":21},"end":{"line":125,"column":54}},"45":{"start":{"line":127,"column":4},"end":{"line":127,"column":80}},"46":{"start":{"line":129,"column":4},"end":{"line":139,"column":7}},"47":{"start":{"line":142,"column":4},"end":{"line":142,"column":92}},"48":{"start":{"line":144,"column":4},"end":{"line":152,"column":5}},"49":{"start":{"line":145,"column":6},"end":{"line":151,"column":9}},"50":{"start":{"line":154,"column":4},"end":{"line":160,"column":7}},"51":{"start":{"line":165,"column":0},"end":{"line":232,"column":3}},"52":{"start":{"line":166,"column":2},"end":{"line":231,"column":3}},"53":{"start":{"line":167,"column":24},"end":{"line":167,"column":34}},"54":{"start":{"line":168,"column":4},"end":{"line":168,"column":87}},"55":{"start":{"line":171,"column":32},"end":{"line":176,"column":5}},"56":{"start":{"line":178,"column":23},"end":{"line":178,"column":47}},"57":{"start":{"line":180,"column":4},"end":{"line":188,"column":5}},"58":{"start":{"line":181,"column":6},"end":{"line":187,"column":9}},"59":{"start":{"line":190,"column":21},"end":{"line":190,"column":54}},"60":{"start":{"line":193,"column":4},"end":{"line":202,"column":5}},"61":{"start":{"line":194,"column":6},"end":{"line":194,"column":80}},"62":{"start":{"line":195,"column":6},"end":{"line":201,"column":9}},"63":{"start":{"line":205,"column":17},"end":{"line":205,"column":60}},"64":{"start":{"line":206,"column":4},"end":{"line":206,"column":46}},"65":{"start":{"line":207,"column":4},"end":{"line":207,"column":31}},"66":{"start":{"line":209,"column":4},"end":{"line":209,"column":89}},"67":{"start":{"line":212,"column":4},"end":{"line":212,"column":103}},"68":{"start":{"line":214,"column":4},"end":{"line":222,"column":5}},"69":{"start":{"line":215,"column":6},"end":{"line":221,"column":9}},"70":{"start":{"line":224,"column":4},"end":{"line":230,"column":7}},"71":{"start":{"line":235,"column":0},"end":{"line":270,"column":3}},"72":{"start":{"line":236,"column":2},"end":{"line":269,"column":3}},"73":{"start":{"line":237,"column":19},"end":{"line":237,"column":29}},"74":{"start":{"line":238,"column":4},"end":{"line":238,"column":67}},"75":{"start":{"line":240,"column":21},"end":{"line":240,"column":54}},"76":{"start":{"line":243,"column":17},"end":{"line":243,"column":41}},"77":{"start":{"line":244,"column":4},"end":{"line":244,"column":49}},"78":{"start":{"line":245,"column":4},"end":{"line":245,"column":31}},"79":{"start":{"line":247,"column":4},"end":{"line":247,"column":75}},"80":{"start":{"line":250,"column":4},"end":{"line":250,"column":87}},"81":{"start":{"line":252,"column":4},"end":{"line":260,"column":5}},"82":{"start":{"line":253,"column":6},"end":{"line":259,"column":9}},"83":{"start":{"line":262,"column":4},"end":{"line":268,"column":7}},"84":{"start":{"line":272,"column":0},"end":{"line":272,"column":24}}},"fnMap":{"0":{"name":"(anonymous_0)","decl":{"start":{"line":12,"column":16},"end":{"line":12,"column":17}},"loc":{"start":{"line":13,"column":2},"end":{"line":27,"column":2}},"line":13},"1":{"name":"(anonymous_1)","decl":{"start":{"line":16,"column":10},"end":{"line":16,"column":11}},"loc":{"start":{"line":16,"column":19},"end":{"line":26,"column":5}},"line":16},"2":{"name":"(anonymous_2)","decl":{"start":{"line":33,"column":25},"end":{"line":33,"column":26}},"loc":{"start":{"line":33,"column":45},"end":{"line":56,"column":1}},"line":33},"3":{"name":"(anonymous_3)","decl":{"start":{"line":59,"column":37},"end":{"line":59,"column":38}},"loc":{"start":{"line":59,"column":57},"end":{"line":117,"column":1}},"line":59},"4":{"name":"(anonymous_4)","decl":{"start":{"line":120,"column":34},"end":{"line":120,"column":35}},"loc":{"start":{"line":120,"column":54},"end":{"line":162,"column":1}},"line":120},"5":{"name":"(anonymous_5)","decl":{"start":{"line":165,"column":34},"end":{"line":165,"column":35}},"loc":{"start":{"line":165,"column":54},"end":{"line":232,"column":1}},"line":165},"6":{"name":"(anonymous_6)","decl":{"start":{"line":235,"column":29},"end":{"line":235,"column":30}},"loc":{"start":{"line":235,"column":49},"end":{"line":270,"column":1}},"line":235}},"branchMap":{"0":{"loc":{"start":{"line":63,"column":4},"end":{"line":71,"column":5}},"type":"if","locations":[{"start":{"line":63,"column":4},"end":{"line":71,"column":5}},{"start":{},"end":{}}],"line":63},"1":{"loc":{"start":{"line":82,"column":4},"end":{"line":88,"column":5}},"type":"if","locations":[{"start":{"line":82,"column":4},"end":{"line":88,"column":5}},{"start":{"line":84,"column":11},"end":{"line":88,"column":5}}],"line":82},"2":{"loc":{"start":{"line":144,"column":4},"end":{"line":152,"column":5}},"type":"if","locations":[{"start":{"line":144,"column":4},"end":{"line":152,"column":5}},{"start":{},"end":{}}],"line":144},"3":{"loc":{"start":{"line":180,"column":4},"end":{"line":188,"column":5}},"type":"if","locations":[{"start":{"line":180,"column":4},"end":{"line":188,"column":5}},{"start":{},"end":{}}],"line":180},"4":{"loc":{"start":{"line":193,"column":4},"end":{"line":202,"column":5}},"type":"if","locations":[{"start":{"line":193,"column":4},"end":{"line":202,"column":5}},{"start":{},"end":{}}],"line":193},"5":{"loc":{"start":{"line":214,"column":4},"end":{"line":222,"column":5}},"type":"if","locations":[{"start":{"line":214,"column":4},"end":{"line":222,"column":5}},{"start":{},"end":{}}],"line":214},"6":{"loc":{"start":{"line":252,"column":4},"end":{"line":260,"column":5}},"type":"if","locations":[{"start":{"line":252,"column":4},"end":{"line":260,"column":5}},{"start":{},"end":{}}],"line":252}},"s":{"0":5,"1":5,"2":5,"3":5,"4":5,"5":5,"6":24,"7":24,"8":23,"9":23,"10":23,"11":1,"12":1,"13":5,"14":5,"15":4,"16":4,"17":4,"18":4,"19":4,"20":4,"21":0,"22":0,"23":5,"24":23,"25":23,"26":23,"27":3,"28":20,"29":20,"30":20,"31":18,"32":2,"33":2,"34":20,"35":20,"36":20,"37":20,"38":0,"39":0,"40":5,"41":3,"42":3,"43":3,"44":3,"45":1,"46":1,"47":2,"48":2,"49":2,"50":0,"51":5,"52":9,"53":9,"54":9,"55":9,"56":9,"57":9,"58":5,"59":4,"60":3,"61":2,"62":2,"63":1,"64":1,"65":1,"66":1,"67":1,"68":1,"69":1,"70":0,"71":5,"72":11,"73":11,"74":11,"75":11,"76":5,"77":5,"78":5,"79":5,"80":6,"81":6,"82":6,"83":0,"84":5},"f":{"0":5,"1":24,"2":4,"3":23,"4":3,"5":9,"6":11},"b":{"0":[3,20],"1":[18,2],"2":[2,0],"3":[5,4],"4":[2,1],"5":[1,0],"6":[6,0]},"_coverageSchema":"1a1c01bbd47fc00a2c39e90264f33305004495a9","hash":"ee8b6cc3d0830b71b939a83cf11a97b23648718b"}
}
