{"C:\\Users\\furqa\\CCP_Projects\\fragments\\src\\app.js": {"path":"C:\\Users\\furqa\\CCP_Projects\\fragments\\src\\app.js","statementMap":{"0":{"start":{"line":3,"column":16},"end":{"line":3,"column":34}},"1":{"start":{"line":4,"column":13},"end":{"line":4,"column":28}},"2":{"start":{"line":5,"column":15},"end":{"line":5,"column":32}},"3":{"start":{"line":6,"column":20},"end":{"line":6,"column":42}},"4":{"start":{"line":10,"column":15},"end":{"line":10,"column":34}},"5":{"start":{"line":11,"column":13},"end":{"line":13,"column":2}},"6":{"start":{"line":15,"column":12},"end":{"line":15,"column":21}},"7":{"start":{"line":17,"column":0},"end":{"line":17,"column":14}},"8":{"start":{"line":18,"column":0},"end":{"line":18,"column":18}},"9":{"start":{"line":19,"column":0},"end":{"line":19,"column":16}},"10":{"start":{"line":20,"column":0},"end":{"line":20,"column":23}},"11":{"start":{"line":21,"column":17},"end":{"line":21,"column":36}},"12":{"start":{"line":22,"column":21},"end":{"line":22,"column":38}},"13":{"start":{"line":24,"column":0},"end":{"line":24,"column":38}},"14":{"start":{"line":25,"column":0},"end":{"line":25,"column":31}},"15":{"start":{"line":28,"column":0},"end":{"line":28,"column":34}},"16":{"start":{"line":31,"column":0},"end":{"line":39,"column":3}},"17":{"start":{"line":32,"column":2},"end":{"line":38,"column":5}},"18":{"start":{"line":42,"column":0},"end":{"line":57,"column":3}},"19":{"start":{"line":43,"column":17},"end":{"line":43,"column":34}},"20":{"start":{"line":44,"column":18},"end":{"line":44,"column":60}},"21":{"start":{"line":46,"column":2},"end":{"line":48,"column":3}},"22":{"start":{"line":47,"column":4},"end":{"line":47,"column":54}},"23":{"start":{"line":50,"column":2},"end":{"line":56,"column":5}},"24":{"start":{"line":59,"column":0},"end":{"line":59,"column":21}}},"fnMap":{"0":{"name":"(anonymous_0)","decl":{"start":{"line":31,"column":8},"end":{"line":31,"column":9}},"loc":{"start":{"line":31,"column":22},"end":{"line":39,"column":1}},"line":31},"1":{"name":"(anonymous_1)","decl":{"start":{"line":42,"column":8},"end":{"line":42,"column":9}},"loc":{"start":{"line":42,"column":27},"end":{"line":57,"column":1}},"line":42}},"branchMap":{"0":{"loc":{"start":{"line":43,"column":17},"end":{"line":43,"column":34}},"type":"binary-expr","locations":[{"start":{"line":43,"column":17},"end":{"line":43,"column":27}},{"start":{"line":43,"column":31},"end":{"line":43,"column":34}}],"line":43},"1":{"loc":{"start":{"line":44,"column":18},"end":{"line":44,"column":60}},"type":"binary-expr","locations":[{"start":{"line":44,"column":18},"end":{"line":44,"column":29}},{"start":{"line":44,"column":33},"end":{"line":44,"column":60}}],"line":44},"2":{"loc":{"start":{"line":46,"column":2},"end":{"line":48,"column":3}},"type":"if","locations":[{"start":{"line":46,"column":2},"end":{"line":48,"column":3}},{"start":{},"end":{}}],"line":46}},"s":{"0":3,"1":3,"2":3,"3":3,"4":3,"5":3,"6":3,"7":3,"8":3,"9":3,"10":3,"11":3,"12":3,"13":3,"14":3,"15":3,"16":3,"17":1,"18":3,"19":0,"20":0,"21":0,"22":0,"23":0,"24":3},"f":{"0":1,"1":0},"b":{"0":[0,0],"1":[0,0],"2":[0,0]},"_coverageSchema":"1a1c01bbd47fc00a2c39e90264f33305004495a9","hash":"fd89e496df612fe317fa0e86f51b42e6ee6a435e"}
,"C:\\Users\\furqa\\CCP_Projects\\fragments\\src\\logger.js": {"path":"C:\\Users\\furqa\\CCP_Projects\\fragments\\src\\logger.js","statementMap":{"0":{"start":{"line":4,"column":16},"end":{"line":4,"column":58}},"1":{"start":{"line":7,"column":0},"end":{"line":15,"column":1}},"2":{"start":{"line":9,"column":2},"end":{"line":14,"column":4}},"3":{"start":{"line":19,"column":0},"end":{"line":19,"column":42}}},"fnMap":{},"branchMap":{"0":{"loc":{"start":{"line":4,"column":25},"end":{"line":4,"column":56}},"type":"binary-expr","locations":[{"start":{"line":4,"column":25},"end":{"line":4,"column":46}},{"start":{"line":4,"column":50},"end":{"line":4,"column":56}}],"line":4},"1":{"loc":{"start":{"line":7,"column":0},"end":{"line":15,"column":1}},"type":"if","locations":[{"start":{"line":7,"column":0},"end":{"line":15,"column":1}},{"start":{},"end":{}}],"line":7}},"s":{"0":3,"1":3,"2":0,"3":3},"f":{},"b":{"0":[3,0],"1":[0,3]},"_coverageSchema":"1a1c01bbd47fc00a2c39e90264f33305004495a9","hash":"1b616d68024139853b180b8b3a306c53a7a07763"}
,"C:\\Users\\furqa\\CCP_Projects\\fragments\\src\\response.js": {"path":"C:\\Users\\furqa\\CCP_Projects\\fragments\\src\\response.js","statementMap":{"0":{"start":{"line":11,"column":0},"end":{"line":18,"column":2}},"1":{"start":{"line":12,"column":2},"end":{"line":17,"column":4}},"2":{"start":{"line":31,"column":0},"end":{"line":39,"column":2}},"3":{"start":{"line":32,"column":2},"end":{"line":38,"column":4}}},"fnMap":{"0":{"name":"(anonymous_0)","decl":{"start":{"line":11,"column":39},"end":{"line":11,"column":40}},"loc":{"start":{"line":11,"column":55},"end":{"line":18,"column":1}},"line":11},"1":{"name":"(anonymous_1)","decl":{"start":{"line":31,"column":37},"end":{"line":31,"column":38}},"loc":{"start":{"line":31,"column":62},"end":{"line":39,"column":1}},"line":31}},"branchMap":{},"s":{"0":1,"1":2,"2":1,"3":1},"f":{"0":2,"1":1},"b":{},"_coverageSchema":"1a1c01bbd47fc00a2c39e90264f33305004495a9","hash":"755454079478e43cd21fbd482edf10abb11382b9"}
,"C:\\Users\\furqa\\CCP_Projects\\fragments\\src\\auth\\basic-auth.js": {"path":"C:\\Users\\furqa\\CCP_Projects\\fragments\\src\\auth\\basic-auth.js","statementMap":{"0":{"start":{"line":6,"column":13},"end":{"line":6,"column":33}},"1":{"start":{"line":7,"column":17},"end":{"line":7,"column":36}},"2":{"start":{"line":8,"column":21},"end":{"line":8,"column":50}},"3":{"start":{"line":9,"column":15},"end":{"line":9,"column":35}},"4":{"start":{"line":10,"column":13},"end":{"line":10,"column":28}},"5":{"start":{"line":13,"column":0},"end":{"line":15,"column":1}},"6":{"start":{"line":14,"column":2},"end":{"line":14,"column":61}},"7":{"start":{"line":18,"column":0},"end":{"line":18,"column":46}},"8":{"start":{"line":21,"column":14},"end":{"line":24,"column":2}},"9":{"start":{"line":26,"column":0},"end":{"line":33,"column":4}},"10":{"start":{"line":29,"column":2},"end":{"line":33,"column":3}},"11":{"start":{"line":35,"column":0},"end":{"line":35,"column":86}},"12":{"start":{"line":35,"column":36},"end":{"line":35,"column":85}}},"fnMap":{"0":{"name":"(anonymous_0)","decl":{"start":{"line":26,"column":26},"end":{"line":26,"column":27}},"loc":{"start":{"line":29,"column":2},"end":{"line":33,"column":3}},"line":29},"1":{"name":"(anonymous_1)","decl":{"start":{"line":35,"column":30},"end":{"line":35,"column":31}},"loc":{"start":{"line":35,"column":36},"end":{"line":35,"column":85}},"line":35}},"branchMap":{"0":{"loc":{"start":{"line":13,"column":0},"end":{"line":15,"column":1}},"type":"if","locations":[{"start":{"line":13,"column":0},"end":{"line":15,"column":1}},{"start":{},"end":{}}],"line":13}},"s":{"0":3,"1":3,"2":3,"3":3,"4":3,"5":3,"6":0,"7":3,"8":3,"9":3,"10":3,"11":3,"12":3},"f":{"0":3,"1":3},"b":{"0":[0,3]},"_coverageSchema":"1a1c01bbd47fc00a2c39e90264f33305004495a9","hash":"5f3c191a87a5df6438344a6b81f27a3b14626f89"}
,"C:\\Users\\furqa\\CCP_Projects\\fragments\\src\\auth\\index.js": {"path":"C:\\Users\\furqa\\CCP_Projects\\fragments\\src\\auth\\index.js","statementMap":{"0":{"start":{"line":7,"column":0},"end":{"line":15,"column":1}},"1":{"start":{"line":12,"column":2},"end":{"line":14,"column":4}},"2":{"start":{"line":18,"column":0},"end":{"line":28,"column":1}},"3":{"start":{"line":19,"column":2},"end":{"line":19,"column":40}},"4":{"start":{"line":22,"column":5},"end":{"line":28,"column":1}},"5":{"start":{"line":23,"column":2},"end":{"line":23,"column":43}},"6":{"start":{"line":27,"column":2},"end":{"line":27,"column":76}}},"fnMap":{},"branchMap":{"0":{"loc":{"start":{"line":7,"column":0},"end":{"line":15,"column":1}},"type":"if","locations":[{"start":{"line":7,"column":0},"end":{"line":15,"column":1}},{"start":{},"end":{}}],"line":7},"1":{"loc":{"start":{"line":8,"column":2},"end":{"line":10,"column":27}},"type":"binary-expr","locations":[{"start":{"line":8,"column":2},"end":{"line":8,"column":33}},{"start":{"line":9,"column":2},"end":{"line":9,"column":35}},{"start":{"line":10,"column":2},"end":{"line":10,"column":27}}],"line":8},"2":{"loc":{"start":{"line":18,"column":0},"end":{"line":28,"column":1}},"type":"if","locations":[{"start":{"line":18,"column":0},"end":{"line":28,"column":1}},{"start":{"line":22,"column":5},"end":{"line":28,"column":1}}],"line":18},"3":{"loc":{"start":{"line":18,"column":4},"end":{"line":18,"column":72}},"type":"binary-expr","locations":[{"start":{"line":18,"column":4},"end":{"line":18,"column":35}},{"start":{"line":18,"column":39},"end":{"line":18,"column":72}}],"line":18},"4":{"loc":{"start":{"line":22,"column":5},"end":{"line":28,"column":1}},"type":"if","locations":[{"start":{"line":22,"column":5},"end":{"line":28,"column":1}},{"start":{"line":26,"column":5},"end":{"line":28,"column":1}}],"line":22},"5":{"loc":{"start":{"line":22,"column":9},"end":{"line":22,"column":71}},"type":"binary-expr","locations":[{"start":{"line":22,"column":9},"end":{"line":22,"column":34}},{"start":{"line":22,"column":38},"end":{"line":22,"column":71}}],"line":22}},"s":{"0":3,"1":0,"2":3,"3":0,"4":3,"5":3,"6":0},"f":{},"b":{"0":[0,3],"1":[3,0,0],"2":[0,3],"3":[3,0],"4":[3,0],"5":[3,3]},"_coverageSchema":"1a1c01bbd47fc00a2c39e90264f33305004495a9","hash":"7e855fc584d94b4e0592e1510828a3158bc7d46c"}
,"C:\\Users\\furqa\\CCP_Projects\\fragments\\src\\routes\\index.js": {"path":"C:\\Users\\furqa\\CCP_Projects\\fragments\\src\\routes\\index.js","statementMap":{"0":{"start":{"line":3,"column":16},"end":{"line":3,"column":34}},"1":{"start":{"line":4,"column":28},"end":{"line":4,"column":57}},"2":{"start":{"line":5,"column":25},"end":{"line":5,"column":43}},"3":{"start":{"line":7,"column":15},"end":{"line":7,"column":31}},"4":{"start":{"line":10,"column":0},"end":{"line":10,"column":52}},"5":{"start":{"line":12,"column":0},"end":{"line":21,"column":3}},"6":{"start":{"line":13,"column":2},"end":{"line":13,"column":45}},"7":{"start":{"line":15,"column":2},"end":{"line":20,"column":5}},"8":{"start":{"line":24,"column":0},"end":{"line":24,"column":24}}},"fnMap":{"0":{"name":"(anonymous_0)","decl":{"start":{"line":12,"column":16},"end":{"line":12,"column":17}},"loc":{"start":{"line":12,"column":30},"end":{"line":21,"column":1}},"line":12}},"branchMap":{},"s":{"0":3,"1":3,"2":3,"3":3,"4":3,"5":3,"6":4,"7":4,"8":3},"f":{"0":4},"b":{},"_coverageSchema":"1a1c01bbd47fc00a2c39e90264f33305004495a9","hash":"7aa4a3456e2eedd5d51461c2c95aafe501e9d21b"}
,"C:\\Users\\furqa\\CCP_Projects\\fragments\\src\\routes\\api\\get.js": {"path":"C:\\Users\\furqa\\CCP_Projects\\fragments\\src\\routes\\api\\get.js","statementMap":{"0":{"start":{"line":6,"column":0},"end":{"line":12,"column":2}},"1":{"start":{"line":8,"column":2},"end":{"line":11,"column":5}}},"fnMap":{"0":{"name":"(anonymous_0)","decl":{"start":{"line":6,"column":17},"end":{"line":6,"column":18}},"loc":{"start":{"line":6,"column":31},"end":{"line":12,"column":1}},"line":6}},"branchMap":{},"s":{"0":3,"1":1},"f":{"0":1},"b":{},"_coverageSchema":"1a1c01bbd47fc00a2c39e90264f33305004495a9","hash":"e86801e128beb2f74a2543966b228421eac21504"}
,"C:\\Users\\furqa\\CCP_Projects\\fragments\\src\\routes\\api\\index.js": {"path":"C:\\Users\\furqa\\CCP_Projects\\fragments\\src\\routes\\api\\index.js","statementMap":{"0":{"start":{"line":6,"column":16},"end":{"line":6,"column":34}},"1":{"start":{"line":9,"column":15},"end":{"line":9,"column":31}},"2":{"start":{"line":12,"column":0},"end":{"line":12,"column":43}},"3":{"start":{"line":15,"column":0},"end":{"line":15,"column":24}}},"fnMap":{},"branchMap":{},"s":{"0":3,"1":3,"2":3,"3":3},"f":{},"b":{},"_coverageSchema":"1a1c01bbd47fc00a2c39e90264f33305004495a9","hash":"ac3f85426abd0061335f2acf4ef62c1d498a7806"}
}
