TN:
SF:src\app.js
FN:31,(anonymous_0)
FN:42,(anonymous_1)
FNF:2
FNH:1
FNDA:1,(anonymous_0)
FNDA:0,(anonymous_1)
DA:3,5
DA:4,5
DA:5,5
DA:6,5
DA:10,5
DA:11,5
DA:15,5
DA:17,5
DA:18,5
DA:19,5
DA:20,5
DA:21,5
DA:22,5
DA:24,5
DA:25,5
DA:28,5
DA:31,5
DA:32,1
DA:42,5
DA:43,0
DA:44,0
DA:46,0
DA:47,0
DA:50,0
DA:59,5
LF:25
LH:20
BRDA:43,0,0,0
BRDA:43,0,1,0
BRDA:44,1,0,0
BRDA:44,1,1,0
BRDA:46,2,0,0
BRDA:46,2,1,0
BRF:6
BRH:0
end_of_record
TN:
SF:src\hash.js
FN:22,(anonymous_0)
FNF:1
FNH:1
FNDA:38,(anonymous_0)
DA:16,6
DA:22,38
LF:2
LH:2
BRF:0
BRH:0
end_of_record
TN:
SF:src\logger.js
FNF:0
FNH:0
DA:4,6
DA:7,6
DA:9,0
DA:19,6
LF:4
LH:3
BRDA:4,0,0,6
BRDA:4,0,1,0
BRDA:7,1,0,0
BRDA:7,1,1,6
BRF:4
BRH:2
end_of_record
TN:
SF:src\response.js
FN:11,(anonymous_0)
FN:31,(anonymous_1)
FNF:2
FNH:2
FNDA:2,(anonymous_0)
FNDA:9,(anonymous_1)
DA:11,6
DA:12,2
DA:31,6
DA:32,9
LF:4
LH:4
BRF:0
BRH:0
end_of_record
TN:
SF:src\auth\auth-middleware.js
FN:11,(anonymous_0)
FN:12,(anonymous_1)
FN:19,callback
FNF:3
FNH:3
FNDA:5,(anonymous_0)
FNDA:43,(anonymous_1)
FNDA:43,callback
DA:1,5
DA:3,5
DA:4,5
DA:5,5
DA:11,5
DA:12,5
DA:21,43
DA:22,0
DA:23,0
DA:27,43
DA:28,8
DA:32,35
DA:33,35
DA:36,35
DA:41,43
LF:15
LH:13
BRDA:21,0,0,0
BRDA:21,0,1,43
BRDA:27,1,0,8
BRDA:27,1,1,35
BRF:4
BRH:3
end_of_record
TN:
SF:src\auth\basic-auth.js
FN:27,(anonymous_0)
FN:38,(anonymous_1)
FNF:2
FNH:2
FNDA:5,(anonymous_0)
FNDA:5,(anonymous_1)
DA:6,5
DA:8,5
DA:9,5
DA:11,5
DA:14,5
DA:15,0
DA:19,5
DA:27,5
DA:30,5
DA:38,5
LF:10
LH:9
BRDA:14,0,0,0
BRDA:14,0,1,5
BRF:2
BRH:1
end_of_record
TN:
SF:src\auth\index.js
FNF:0
FNH:0
DA:7,5
DA:12,0
DA:18,5
DA:19,0
DA:22,5
DA:23,5
DA:27,0
LF:7
LH:4
BRDA:7,0,0,0
BRDA:7,0,1,5
BRDA:8,1,0,5
BRDA:8,1,1,0
BRDA:8,1,2,0
BRDA:18,2,0,0
BRDA:18,2,1,5
BRDA:18,3,0,5
BRDA:18,3,1,0
BRDA:22,4,0,5
BRDA:22,4,1,0
BRDA:22,5,0,5
BRDA:22,5,1,5
BRF:13
BRH:7
end_of_record
TN:
SF:src\model\fragment.js
FN:15,(anonymous_0)
FN:38,(anonymous_1)
FN:47,(anonymous_2)
FN:52,(anonymous_3)
FN:62,(anonymous_4)
FN:68,(anonymous_5)
FN:75,(anonymous_6)
FN:82,(anonymous_7)
FN:95,(anonymous_8)
FN:100,(anonymous_9)
FN:104,(anonymous_10)
FN:119,(anonymous_11)
FN:133,(anonymous_12)
FNF:13
FNH:9
FNDA:64,(anonymous_0)
FNDA:3,(anonymous_1)
FNDA:0,(anonymous_2)
FNDA:10,(anonymous_3)
FNDA:0,(anonymous_4)
FNDA:15,(anonymous_5)
FNDA:0,(anonymous_6)
FNDA:35,(anonymous_7)
FNDA:9,(anonymous_8)
FNDA:1,(anonymous_9)
FNDA:6,(anonymous_10)
FNDA:117,(anonymous_11)
FNDA:0,(anonymous_12)
DA:1,6
DA:2,6
DA:3,6
DA:12,6
DA:16,64
DA:17,2
DA:20,62
DA:21,2
DA:24,60
DA:25,2
DA:28,58
DA:29,58
DA:30,58
DA:31,58
DA:32,58
DA:33,58
DA:35,58
DA:39,3
DA:40,3
DA:42,3
DA:43,3
DA:44,3
DA:47,0
DA:48,0
DA:49,0
DA:53,10
DA:54,10
DA:55,10
DA:56,9
DA:59,1
DA:63,0
DA:64,0
DA:65,0
DA:69,15
DA:70,15
DA:71,15
DA:72,15
DA:76,0
DA:77,0
DA:78,0
DA:79,0
DA:83,35
DA:84,1
DA:87,34
DA:88,34
DA:89,34
DA:90,0
DA:91,0
DA:92,0
DA:96,9
DA:97,9
DA:101,1
DA:105,6
DA:107,2
DA:109,2
DA:111,1
DA:113,1
DA:115,0
DA:120,117
DA:121,117
DA:122,116
DA:129,1
DA:134,0
DA:135,0
DA:137,0
DA:138,0
DA:141,0
DA:142,0
DA:145,0
DA:148,0
DA:149,0
DA:150,0
DA:151,0
DA:155,0
DA:156,0
DA:160,0
DA:164,6
LF:77
LH:49
BRDA:15,0,0,22
BRDA:16,1,0,2
BRDA:16,1,1,62
BRDA:20,2,0,2
BRDA:20,2,1,60
BRDA:20,3,0,62
BRDA:20,3,1,61
BRDA:24,4,0,2
BRDA:24,4,1,58
BRDA:24,5,0,60
BRDA:24,5,1,59
BRDA:28,6,0,58
BRDA:28,6,1,56
BRDA:30,7,0,58
BRDA:30,7,1,57
BRDA:31,8,0,58
BRDA:31,8,1,57
BRDA:38,9,0,1
BRDA:42,10,0,3
BRDA:42,10,1,0
BRDA:55,11,0,9
BRDA:55,11,1,1
BRDA:78,12,0,0
BRDA:78,12,1,0
BRDA:83,13,0,1
BRDA:83,13,1,34
BRDA:105,14,0,2
BRDA:105,14,1,2
BRDA:105,14,2,1
BRDA:105,14,3,1
BRDA:105,14,4,0
BRDA:123,15,0,116
BRDA:123,15,1,40
BRDA:123,15,2,23
BRDA:123,15,3,19
BRDA:137,16,0,0
BRDA:137,16,1,0
BRDA:137,17,0,0
BRDA:137,17,1,0
BRDA:137,17,2,0
BRDA:141,18,0,0
BRDA:141,18,1,0
BRDA:148,19,0,0
BRDA:148,19,1,0
BRDA:148,20,0,0
BRDA:148,20,1,0
BRDA:155,21,0,0
BRDA:155,21,1,0
BRF:48
BRH:31
end_of_record
TN:
SF:src\model\data\index.js
FNF:0
FNH:0
DA:3,6
DA:6,6
DA:7,6
DA:8,6
DA:10,0
DA:11,0
LF:6
LH:4
BRDA:6,0,0,6
BRDA:6,0,1,0
BRF:2
BRH:1
end_of_record
TN:
SF:src\model\data\aws\index.js
FN:22,(anonymous_0)
FN:23,(anonymous_1)
FN:25,(anonymous_2)
FN:27,(anonymous_3)
FN:31,writeFragment
FN:39,readFragment
FN:48,writeFragmentData
FN:67,readFragmentData
FN:86,listFragments
FN:94,(anonymous_9)
FN:102,(anonymous_10)
FN:106,deleteFragment
FN:118,(anonymous_12)
FNF:13
FNH:4
FNDA:0,(anonymous_0)
FNDA:0,(anonymous_1)
FNDA:0,(anonymous_2)
FNDA:0,(anonymous_3)
FNDA:15,writeFragment
FNDA:10,readFragment
FNDA:34,writeFragmentData
FNDA:0,readFragmentData
FNDA:3,listFragments
FNDA:0,(anonymous_9)
FNDA:0,(anonymous_10)
FNDA:0,deleteFragment
FNDA:0,(anonymous_12)
DA:4,6
DA:7,6
DA:12,6
DA:15,6
DA:18,6
DA:19,6
DA:22,6
DA:23,0
DA:24,0
DA:25,0
DA:26,0
DA:27,0
DA:34,15
DA:35,15
DA:43,10
DA:44,10
DA:49,34
DA:55,34
DA:57,34
DA:58,34
DA:60,34
DA:61,34
DA:62,34
DA:68,0
DA:73,0
DA:75,0
DA:76,0
DA:77,0
DA:79,0
DA:80,0
DA:81,0
DA:87,3
DA:90,3
DA:91,3
DA:94,0
DA:97,0
DA:98,0
DA:102,0
DA:107,0
DA:112,0
DA:114,0
DA:119,0
DA:120,0
DA:121,0
DA:127,6
LF:45
LH:22
BRDA:44,0,0,1
BRDA:44,0,1,9
BRDA:86,1,0,0
BRDA:90,2,0,3
BRDA:90,2,1,0
BRDA:90,3,0,3
BRDA:90,3,1,3
BRDA:97,4,0,0
BRDA:97,4,1,0
BRF:9
BRH:5
end_of_record
TN:
SF:src\model\data\aws\s3Client.js
FN:16,(anonymous_0)
FN:35,(anonymous_1)
FNF:2
FNH:2
FNDA:6,(anonymous_0)
FNDA:6,(anonymous_1)
DA:7,6
DA:8,6
DA:16,6
DA:17,6
DA:19,0
DA:26,0
DA:27,0
DA:35,6
DA:36,6
DA:37,0
DA:38,0
DA:49,6
LF:12
LH:7
BRDA:17,0,0,0
BRDA:17,0,1,6
BRDA:17,1,0,6
BRDA:17,1,1,0
BRDA:36,2,0,0
BRDA:36,2,1,6
BRF:6
BRH:3
end_of_record
TN:
SF:src\model\data\memory\memory-db.js
FN:1,(anonymous_0)
FN:4,(anonymous_1)
FN:15,(anonymous_2)
FN:33,(anonymous_3)
FN:54,(anonymous_4)
FN:71,(anonymous_5)
FNF:6
FNH:6
FNDA:106,(anonymous_0)
FNDA:24,(anonymous_1)
FNDA:20,(anonymous_2)
FNDA:29,(anonymous_3)
FNDA:7,(anonymous_4)
FNDA:5,(anonymous_5)
DA:1,106
DA:6,24
DA:16,20
DA:17,3
DA:22,17
DA:23,17
DA:24,17
DA:34,29
DA:35,3
DA:40,26
DA:42,26
DA:44,26
DA:45,26
DA:55,7
DA:56,2
DA:60,5
DA:61,5
DA:62,5
DA:72,5
DA:73,3
DA:79,2
DA:80,1
DA:85,1
DA:86,1
DA:87,1
DA:91,7
LF:26
LH:26
BRDA:16,0,0,3
BRDA:16,0,1,17
BRDA:16,1,0,20
BRDA:16,1,1,17
BRDA:23,2,0,17
BRDA:23,2,1,7
BRDA:34,3,0,3
BRDA:34,3,1,26
BRDA:34,4,0,29
BRDA:34,4,1,26
BRDA:42,5,0,26
BRDA:42,5,1,11
BRDA:55,6,0,2
BRDA:55,6,1,5
BRDA:61,7,0,1
BRDA:61,7,1,4
BRDA:72,8,0,3
BRDA:72,8,1,2
BRDA:72,9,0,5
BRDA:72,9,1,2
BRDA:79,10,0,1
BRDA:79,10,1,1
BRF:22
BRH:22
end_of_record
TN:
SF:src\routes\index.js
FN:11,(anonymous_0)
FNF:1
FNH:1
FNDA:4,(anonymous_0)
DA:3,5
DA:4,5
DA:5,5
DA:8,5
DA:11,5
DA:12,4
DA:13,4
DA:22,5
DA:24,5
LF:9
LH:9
BRF:0
BRH:0
end_of_record
TN:
SF:src\routes\api\index.js
FN:12,(anonymous_0)
FN:16,(anonymous_1)
FN:33,(anonymous_2)
FN:59,(anonymous_3)
FN:120,(anonymous_4)
FN:165,(anonymous_5)
FN:235,(anonymous_6)
FN:273,(anonymous_7)
FNF:8
FNH:7
FNDA:5,(anonymous_0)
FNDA:24,(anonymous_1)
FNDA:2,(anonymous_2)
FNDA:23,(anonymous_3)
FNDA:2,(anonymous_4)
FNDA:1,(anonymous_5)
FNDA:6,(anonymous_6)
FNDA:0,(anonymous_7)
DA:6,5
DA:7,5
DA:8,5
DA:9,5
DA:12,5
DA:13,5
DA:17,24
DA:18,24
DA:19,23
DA:20,23
DA:21,23
DA:23,1
DA:24,1
DA:30,5
DA:33,5
DA:34,2
DA:35,2
DA:37,2
DA:38,2
DA:40,2
DA:42,2
DA:47,0
DA:48,0
DA:59,5
DA:60,23
DA:61,23
DA:63,23
DA:64,3
DA:73,20
DA:78,20
DA:82,0
DA:83,0
DA:86,0
DA:87,0
DA:90,0
DA:91,0
DA:93,0
DA:95,0
DA:108,20
DA:109,20
DA:120,5
DA:121,2
DA:122,2
DA:123,2
DA:125,2
DA:127,0
DA:129,0
DA:142,2
DA:144,2
DA:145,2
DA:154,0
DA:165,5
DA:166,1
DA:167,1
DA:168,1
DA:171,1
DA:178,1
DA:180,1
DA:181,0
DA:190,1
DA:193,0
DA:194,0
DA:195,0
DA:205,0
DA:206,0
DA:207,0
DA:209,0
DA:212,1
DA:214,1
DA:215,1
DA:224,0
DA:235,5
DA:236,6
DA:237,6
DA:238,6
DA:240,6
DA:243,0
DA:244,0
DA:245,0
DA:247,0
DA:250,6
DA:252,6
DA:253,6
DA:262,0
DA:273,5
DA:274,0
DA:275,0
DA:276,0
DA:279,0
DA:282,0
DA:284,0
DA:287,0
DA:292,0
DA:294,0
DA:295,0
DA:304,0
DA:314,5
LF:97
LH:59
BRDA:63,0,0,3
BRDA:63,0,1,20
BRDA:82,1,0,0
BRDA:82,1,1,0
BRDA:144,2,0,2
BRDA:144,2,1,0
BRDA:180,3,0,0
BRDA:180,3,1,1
BRDA:193,4,0,0
BRDA:193,4,1,0
BRDA:214,5,0,1
BRDA:214,5,1,0
BRDA:252,6,0,6
BRDA:252,6,1,0
BRDA:294,7,0,0
BRDA:294,7,1,0
BRF:16
BRH:6
end_of_record
