TN:
SF:src\app.js
FN:31,(anonymous_0)
FN:42,(anonymous_1)
FNF:2
FNH:1
FNDA:1,(anonymous_0)
FNDA:0,(anonymous_1)
DA:3,4
DA:4,4
DA:5,4
DA:6,4
DA:10,4
DA:11,4
DA:15,4
DA:17,4
DA:18,4
DA:19,4
DA:20,4
DA:21,4
DA:22,4
DA:24,4
DA:25,4
DA:28,4
DA:31,4
DA:32,1
DA:42,4
DA:43,0
DA:44,0
DA:46,0
DA:47,0
DA:50,0
DA:59,4
LF:25
LH:20
BRDA:43,0,0,0
BRDA:43,0,1,0
BRDA:44,1,0,0
BRDA:44,1,1,0
BRDA:46,2,0,0
BRDA:46,2,1,0
BRF:6
BRH:0
end_of_record
TN:
SF:src\hash.js
FN:22,(anonymous_0)
FNF:1
FNH:1
FNDA:17,(anonymous_0)
DA:16,5
DA:22,17
LF:2
LH:2
BRF:0
BRH:0
end_of_record
TN:
SF:src\logger.js
FNF:0
FNH:0
DA:4,5
DA:7,5
DA:9,0
DA:19,5
LF:4
LH:3
BRDA:4,0,0,5
BRDA:4,0,1,0
BRDA:7,1,0,0
BRDA:7,1,1,5
BRF:4
BRH:2
end_of_record
TN:
SF:src\response.js
FN:11,(anonymous_0)
FN:31,(anonymous_1)
FNF:2
FNH:2
FNDA:2,(anonymous_0)
FNDA:4,(anonymous_1)
DA:11,5
DA:12,2
DA:31,5
DA:32,4
LF:4
LH:4
BRF:0
BRH:0
end_of_record
TN:
SF:src\auth\auth-middleware.js
FN:11,(anonymous_0)
FN:12,(anonymous_1)
FN:19,callback
FNF:3
FNH:3
FNDA:4,(anonymous_0)
FNDA:16,(anonymous_1)
FNDA:16,callback
DA:1,4
DA:3,4
DA:4,4
DA:5,4
DA:11,4
DA:12,4
DA:21,16
DA:22,0
DA:23,0
DA:27,16
DA:28,3
DA:32,13
DA:33,13
DA:36,13
DA:41,16
LF:15
LH:13
BRDA:21,0,0,0
BRDA:21,0,1,16
BRDA:27,1,0,3
BRDA:27,1,1,13
BRF:4
BRH:3
end_of_record
TN:
SF:src\auth\basic-auth.js
FN:27,(anonymous_0)
FN:38,(anonymous_1)
FNF:2
FNH:2
FNDA:4,(anonymous_0)
FNDA:4,(anonymous_1)
DA:6,4
DA:7,4
DA:8,4
DA:9,4
DA:11,4
DA:14,4
DA:15,0
DA:19,4
DA:27,4
DA:30,4
DA:38,4
LF:11
LH:10
BRDA:14,0,0,0
BRDA:14,0,1,4
BRF:2
BRH:1
end_of_record
TN:
SF:src\auth\index.js
FNF:0
FNH:0
DA:7,4
DA:12,0
DA:18,4
DA:19,0
DA:22,4
DA:23,4
DA:27,0
LF:7
LH:4
BRDA:7,0,0,0
BRDA:7,0,1,4
BRDA:8,1,0,4
BRDA:8,1,1,0
BRDA:8,1,2,0
BRDA:18,2,0,0
BRDA:18,2,1,4
BRDA:18,3,0,4
BRDA:18,3,1,0
BRDA:22,4,0,4
BRDA:22,4,1,0
BRDA:22,5,0,4
BRDA:22,5,1,4
BRF:13
BRH:7
end_of_record
TN:
SF:src\model\fragment.js
FN:15,(anonymous_0)
FN:38,(anonymous_1)
FN:47,(anonymous_2)
FN:52,(anonymous_3)
FN:62,(anonymous_4)
FN:69,(anonymous_5)
FN:76,(anonymous_6)
FN:84,(anonymous_7)
FN:97,(anonymous_8)
FN:102,(anonymous_9)
FN:106,(anonymous_10)
FN:110,(anonymous_11)
FNF:12
FNH:12
FNDA:41,(anonymous_0)
FNDA:5,(anonymous_1)
FNDA:1,(anonymous_2)
FNDA:9,(anonymous_3)
FNDA:1,(anonymous_4)
FNDA:14,(anonymous_5)
FNDA:3,(anonymous_6)
FNDA:15,(anonymous_7)
FNDA:3,(anonymous_8)
FNDA:1,(anonymous_9)
FNDA:1,(anonymous_10)
FNDA:61,(anonymous_11)
DA:1,5
DA:2,5
DA:3,5
DA:12,5
DA:16,41
DA:17,2
DA:20,39
DA:21,2
DA:24,37
DA:25,2
DA:28,35
DA:29,35
DA:30,35
DA:31,35
DA:32,35
DA:33,35
DA:35,35
DA:39,5
DA:40,5
DA:42,5
DA:43,4
DA:44,4
DA:47,1
DA:48,1
DA:49,1
DA:53,9
DA:54,9
DA:55,9
DA:56,2
DA:59,7
DA:64,1
DA:65,1
DA:66,1
DA:70,14
DA:71,14
DA:72,14
DA:73,14
DA:78,3
DA:79,3
DA:80,3
DA:81,3
DA:85,15
DA:86,1
DA:89,14
DA:90,14
DA:91,14
DA:92,14
DA:93,14
DA:94,14
DA:98,3
DA:99,3
DA:103,1
DA:107,1
DA:111,61
DA:112,61
DA:113,61
DA:115,0
DA:120,5
LF:58
LH:57
BRDA:15,0,0,2
BRDA:16,1,0,2
BRDA:16,1,1,39
BRDA:20,2,0,2
BRDA:20,2,1,37
BRDA:20,3,0,39
BRDA:20,3,1,38
BRDA:24,4,0,2
BRDA:24,4,1,35
BRDA:24,5,0,37
BRDA:24,5,1,36
BRDA:28,6,0,35
BRDA:28,6,1,27
BRDA:30,7,0,35
BRDA:30,7,1,28
BRDA:31,8,0,35
BRDA:31,8,1,28
BRDA:38,9,0,2
BRDA:42,10,0,4
BRDA:42,10,1,1
BRDA:55,11,0,2
BRDA:55,11,1,7
BRDA:80,12,0,3
BRDA:80,12,1,0
BRDA:85,13,0,1
BRDA:85,13,1,14
BRF:26
BRH:25
end_of_record
TN:
SF:src\model\data\index.js
FN:8,writeFragment
FN:16,readFragment
FN:25,writeFragmentData
FN:30,readFragmentData
FN:35,listFragments
FN:37,(anonymous_5)
FN:45,(anonymous_6)
FN:49,deleteFragment
FNF:8
FNH:8
FNDA:28,writeFragment
FNDA:9,readFragment
FNDA:14,writeFragmentData
FNDA:3,readFragmentData
FNDA:5,listFragments
FNDA:3,(anonymous_5)
FNDA:3,(anonymous_6)
FNDA:1,deleteFragment
DA:1,5
DA:4,5
DA:5,5
DA:11,28
DA:12,28
DA:20,9
DA:21,9
DA:26,14
DA:31,3
DA:36,5
DA:37,5
DA:40,5
DA:41,0
DA:45,5
DA:50,1
DA:58,5
DA:59,5
DA:60,5
DA:61,5
DA:62,5
DA:63,5
LF:21
LH:20
BRDA:21,0,0,7
BRDA:21,0,1,2
BRDA:35,1,0,5
BRDA:40,2,0,0
BRDA:40,2,1,5
BRDA:40,3,0,5
BRDA:40,3,1,5
BRF:7
BRH:6
end_of_record
TN:
SF:src\model\data\memory\memory-db.js
FN:1,(anonymous_0)
FN:4,(anonymous_1)
FN:15,(anonymous_2)
FN:33,(anonymous_3)
FN:54,(anonymous_4)
FN:71,(anonymous_5)
FNF:6
FNH:6
FNDA:174,(anonymous_0)
FNDA:22,(anonymous_1)
FNDA:24,(anonymous_2)
FNDA:56,(anonymous_3)
FNDA:9,(anonymous_4)
FNDA:7,(anonymous_5)
DA:1,174
DA:6,22
DA:16,24
DA:17,3
DA:22,21
DA:23,21
DA:24,21
DA:34,56
DA:35,3
DA:40,53
DA:42,53
DA:44,53
DA:45,53
DA:55,9
DA:56,2
DA:60,7
DA:61,7
DA:62,7
DA:72,7
DA:73,3
DA:79,4
DA:80,1
DA:85,3
DA:86,3
DA:87,3
DA:91,6
LF:26
LH:26
BRDA:16,0,0,3
BRDA:16,0,1,21
BRDA:16,1,0,24
BRDA:16,1,1,21
BRDA:23,2,0,21
BRDA:23,2,1,20
BRDA:34,3,0,3
BRDA:34,3,1,53
BRDA:34,4,0,56
BRDA:34,4,1,53
BRDA:42,5,0,53
BRDA:42,5,1,19
BRDA:55,6,0,2
BRDA:55,6,1,7
BRDA:61,7,0,4
BRDA:61,7,1,3
BRDA:72,8,0,3
BRDA:72,8,1,4
BRDA:72,9,0,7
BRDA:72,9,1,4
BRDA:79,10,0,1
BRDA:79,10,1,3
BRF:22
BRH:22
end_of_record
TN:
SF:src\routes\index.js
FN:12,(anonymous_0)
FNF:1
FNH:1
FNDA:4,(anonymous_0)
DA:3,4
DA:4,4
DA:5,4
DA:7,4
DA:10,4
DA:12,4
DA:13,4
DA:15,4
DA:24,4
LF:9
LH:9
BRF:0
BRH:0
end_of_record
TN:
SF:src\routes\api\get-id.js
FN:6,(anonymous_0)
FNF:1
FNH:1
FNDA:3,(anonymous_0)
DA:3,4
DA:4,4
DA:6,4
DA:7,3
DA:8,3
DA:9,3
DA:10,2
DA:12,2
DA:13,2
DA:15,2
DA:16,2
DA:18,1
DA:19,1
DA:20,1
DA:22,0
DA:23,0
LF:16
LH:14
BRDA:18,0,0,1
BRDA:18,0,1,0
BRF:2
BRH:1
end_of_record
TN:
SF:src\routes\api\get.js
FN:6,(anonymous_0)
FNF:1
FNH:1
FNDA:2,(anonymous_0)
DA:3,4
DA:4,4
DA:6,4
DA:7,2
DA:8,2
DA:9,2
DA:10,2
DA:11,2
DA:16,0
DA:17,0
LF:10
LH:8
BRF:0
BRH:0
end_of_record
TN:
SF:src\routes\api\index.js
FN:12,(anonymous_0)
FN:16,(anonymous_1)
FNF:2
FNH:2
FNDA:4,(anonymous_0)
FNDA:8,(anonymous_1)
DA:6,4
DA:7,4
DA:8,4
DA:9,4
DA:12,4
DA:13,4
DA:17,8
DA:18,8
DA:19,8
DA:20,8
DA:21,8
DA:23,0
DA:24,0
DA:30,4
DA:33,4
DA:35,4
DA:36,4
DA:38,4
LF:18
LH:16
BRF:0
BRH:0
end_of_record
TN:
SF:src\routes\api\post.js
FN:5,(anonymous_0)
FNF:1
FNH:1
FNDA:8,(anonymous_0)
DA:1,4
DA:2,4
DA:3,4
DA:5,4
DA:7,8
DA:9,8
DA:10,8
DA:12,0
DA:13,0
DA:17,8
DA:18,1
DA:19,1
DA:22,7
DA:23,7
DA:29,7
DA:30,7
DA:31,7
DA:33,7
DA:34,7
DA:35,7
DA:36,7
DA:37,7
DA:39,0
DA:40,0
LF:24
LH:20
BRDA:17,0,0,1
BRDA:17,0,1,7
BRDA:17,1,0,8
BRDA:17,1,1,7
BRDA:33,2,0,7
BRDA:33,2,1,1
BRF:6
BRH:6
end_of_record
